[debug] [2023-01-25T19:22:45.289Z] ----------------------------------------------------------------------
[debug] [2023-01-25T19:22:45.290Z] Command:       /Users/mohitvashistha/.nvm/versions/node/v18.9.0/bin/node /Users/mohitvashistha/.nvm/versions/node/v18.9.0/bin/firebase init
[debug] [2023-01-25T19:22:45.290Z] CLI Version:   11.21.0
[debug] [2023-01-25T19:22:45.290Z] Platform:      darwin
[debug] [2023-01-25T19:22:45.290Z] Node Version:  v18.9.0
[debug] [2023-01-25T19:22:45.291Z] Time:          Thu Jan 26 2023 00:52:45 GMT+0530 (India Standard Time)
[debug] [2023-01-25T19:22:45.291Z] ----------------------------------------------------------------------
[debug] 
[debug] [2023-01-25T19:22:45.296Z] > command requires scopes: ["email","openid","https://www.googleapis.com/auth/cloudplatformprojects.readonly","https://www.googleapis.com/auth/firebase","https://www.googleapis.com/auth/cloud-platform"]
[debug] [2023-01-25T19:22:45.296Z] > authorizing via signed-in user (mohit6b@gmail.com)
[info] 
     ######## #### ########  ######## ########     ###     ######  ########
     ##        ##  ##     ## ##       ##     ##  ##   ##  ##       ##
     ######    ##  ########  ######   ########  #########  ######  ######
     ##        ##  ##    ##  ##       ##     ## ##     ##       ## ##
     ##       #### ##     ## ######## ########  ##     ##  ######  ########

You're about to initialize a Firebase project in this directory:

  /Users/mohitvashistha/Desktop/BlockAnt/company-react/company-website

[info] 
=== Project Setup
[info] 
[info] First, let's associate this project directory with a Firebase project.
[info] You can create multiple project aliases by running firebase use --add, 
[info] but for now we'll just set up a default project.
[info] 
[debug] [2023-01-25T19:22:49.683Z] >>> [apiv2][query] GET https://firebase.googleapis.com/v1beta1/projects pageSize=100
[debug] [2023-01-25T19:22:50.565Z] <<< [apiv2][status] GET https://firebase.googleapis.com/v1beta1/projects 200
[debug] [2023-01-25T19:22:50.565Z] <<< [apiv2][body] GET https://firebase.googleapis.com/v1beta1/projects [omitted]
[info] i  Using project blockantwebsite (blockantWebsite) 
[info] 
=== Hosting Setup
[info] 
[info] Your public directory is the folder (relative to your project directory) that
[info] will contain Hosting assets to be uploaded with firebase deploy. If you
[info] have a build process for your assets, use your build's output directory.
[info] 
